liblinear/train -c 1 -e 1e-20 -s 7 data/MQ2007/Fold1/train.txt /dev/null >> log/MQ2007.y-avltree.fig4.log
FUN 2.460150000000000e+05 TIME 4.000000000000000e-02
iter  1 act 5.260e+04 pre 5.241e+04 delta 9.036e-01 f 2.4601500000000000e+05 |g| 1.953e+05 CG   4
FUN 1.934105899523211e+05 TIME 2.000000000000000e-01
cg reaches trust region boundary
iter  2 act 2.740e+03 pre 2.691e+03 delta 9.279e-01 f 1.9341058995232111e+05 |g| 1.595e+04 CG  11
FUN 1.906700975487327e+05 TIME 6.700000000000000e-01
cg reaches trust region boundary
iter  3 act 3.483e+02 pre 3.453e+02 delta 9.889e-01 f 1.9067009754873268e+05 |g| 2.314e+03 CG  10
FUN 1.903218305940272e+05 TIME 1.100000000000000e+00
cg reaches trust region boundary
iter  4 act 1.735e+02 pre 1.717e+02 delta 1.004e+00 f 1.9032183059402721e+05 |g| 1.445e+03 CG  21
FUN 1.901483114575454e+05 TIME 1.960000000000000e+00
cg reaches trust region boundary
iter  5 act 4.027e+01 pre 4.011e+01 delta 1.015e+00 f 1.9014831145754544e+05 |g| 2.390e+02 CG  41
FUN 1.901080401532101e+05 TIME 3.590000000000000e+00
cg reaches trust region boundary
iter  6 act 1.092e+01 pre 1.083e+01 delta 1.056e+00 f 1.9010804015321014e+05 |g| 2.487e+02 CG  34
FUN 1.900971186997539e+05 TIME 4.710000000000000e+00
cg reaches trust region boundary
iter  7 act 1.173e+01 pre 1.170e+01 delta 1.086e+00 f 1.9009711869975395e+05 |g| 7.823e+01 CG  41
FUN 1.900853904395168e+05 TIME 5.860000000000000e+00
cg reaches trust region boundary
iter  8 act 9.555e+00 pre 9.555e+00 delta 1.100e+00 f 1.9008539043951684e+05 |g| 1.749e+02 CG  46
FUN 1.900758353343521e+05 TIME 7.640000000000000e+00
cg reaches trust region boundary
iter  9 act 7.375e+00 pre 7.332e+00 delta 1.171e+00 f 1.9007583533435207e+05 |g| 5.747e+01 CG  48
FUN 1.900684601529374e+05 TIME 9.529999999999999e+00
cg reaches trust region boundary
iter 10 act 4.075e+00 pre 4.060e+00 delta 1.183e+00 f 1.9006846015293745e+05 |g| 5.280e+01 CG  52
FUN 1.900643852448928e+05 TIME 1.112000000000000e+01
iter 11 act 3.123e-01 pre 3.125e-01 delta 1.183e+00 f 1.9006438524489276e+05 |g| 4.043e+02 CG   2
FUN 1.900640729160549e+05 TIME 1.120000000000000e+01
iter 12 act 6.482e-01 pre 6.510e-01 delta 1.183e+00 f 1.9006407291605492e+05 |g| 3.193e+01 CG  61
FUN 1.900634247251897e+05 TIME 1.318000000000000e+01
iter 13 act 2.817e-02 pre 2.523e-02 delta 1.183e+00 f 1.9006342472518969e+05 |g| 2.797e+00 CG  43
FUN 1.900633965565410e+05 TIME 1.489000000000000e+01
iter 14 act 3.534e-03 pre 3.534e-03 delta 1.183e+00 f 1.9006339655654100e+05 |g| 5.601e-01 CG  71
FUN 1.900633930226702e+05 TIME 1.767000000000000e+01
iter 15 act 4.154e-07 pre 4.134e-07 delta 1.183e+00 f 1.9006339302267021e+05 |g| 1.323e-02 CG  40
FUN 1.900633930222548e+05 TIME 1.928000000000000e+01
iter 16 act 5.239e-10 pre 5.106e-10 delta 1.183e+00 f 1.9006339302225484e+05 |g| 1.025e-03 CG  37
WARNING: actred and prered too small
Training time = 20.77
